<?xml version="1.0" encoding="UTF-8"?>
<testsuite xmlns:xsi="http://www.w3.org/2001/XMLSchema-instance" xsi:noNamespaceSchemaLocation="https://maven.apache.org/surefire/maven-surefire-plugin/xsd/surefire-test-report.xsd" name="TestSuite" time="1.862" tests="19" errors="0" skipped="0" failures="1">
  <properties>
    <property name="sun.desktop" value="windows"/>
    <property name="awt.toolkit" value="sun.awt.windows.WToolkit"/>
    <property name="file.encoding.pkg" value="sun.io"/>
    <property name="java.specification.version" value="1.8"/>
    <property name="sun.cpu.isalist" value="amd64"/>
    <property name="sun.jnu.encoding" value="Cp1252"/>
    <property name="java.class.path" value="C:\Users\a3k7kzz\Documents\Udemy Learning\Selenium Workspace\framework\target\test-classes;C:\Users\a3k7kzz\Documents\Udemy Learning\Selenium Workspace\framework\target\classes;C:\Users\a3k7kzz\.m2\repository\org\seleniumhq\selenium\selenium-java\3.141.59\selenium-java-3.141.59.jar;C:\Users\a3k7kzz\.m2\repository\org\seleniumhq\selenium\selenium-api\3.141.59\selenium-api-3.141.59.jar;C:\Users\a3k7kzz\.m2\repository\org\seleniumhq\selenium\selenium-chrome-driver\3.141.59\selenium-chrome-driver-3.141.59.jar;C:\Users\a3k7kzz\.m2\repository\org\seleniumhq\selenium\selenium-edge-driver\3.141.59\selenium-edge-driver-3.141.59.jar;C:\Users\a3k7kzz\.m2\repository\org\seleniumhq\selenium\selenium-firefox-driver\3.141.59\selenium-firefox-driver-3.141.59.jar;C:\Users\a3k7kzz\.m2\repository\org\seleniumhq\selenium\selenium-ie-driver\3.141.59\selenium-ie-driver-3.141.59.jar;C:\Users\a3k7kzz\.m2\repository\org\seleniumhq\selenium\selenium-opera-driver\3.141.59\selenium-opera-driver-3.141.59.jar;C:\Users\a3k7kzz\.m2\repository\org\seleniumhq\selenium\selenium-remote-driver\3.141.59\selenium-remote-driver-3.141.59.jar;C:\Users\a3k7kzz\.m2\repository\org\seleniumhq\selenium\selenium-safari-driver\3.141.59\selenium-safari-driver-3.141.59.jar;C:\Users\a3k7kzz\.m2\repository\org\seleniumhq\selenium\selenium-support\3.141.59\selenium-support-3.141.59.jar;C:\Users\a3k7kzz\.m2\repository\net\bytebuddy\byte-buddy\1.8.15\byte-buddy-1.8.15.jar;C:\Users\a3k7kzz\.m2\repository\org\apache\commons\commons-exec\1.3\commons-exec-1.3.jar;C:\Users\a3k7kzz\.m2\repository\com\google\guava\guava\25.0-jre\guava-25.0-jre.jar;C:\Users\a3k7kzz\.m2\repository\com\google\code\findbugs\jsr305\1.3.9\jsr305-1.3.9.jar;C:\Users\a3k7kzz\.m2\repository\org\checkerframework\checker-compat-qual\2.0.0\checker-compat-qual-2.0.0.jar;C:\Users\a3k7kzz\.m2\repository\com\google\errorprone\error_prone_annotations\2.1.3\error_prone_annotations-2.1.3.jar;C:\Users\a3k7kzz\.m2\repository\com\google\j2objc\j2objc-annotations\1.1\j2objc-annotations-1.1.jar;C:\Users\a3k7kzz\.m2\repository\org\codehaus\mojo\animal-sniffer-annotations\1.14\animal-sniffer-annotations-1.14.jar;C:\Users\a3k7kzz\.m2\repository\com\squareup\okhttp3\okhttp\3.11.0\okhttp-3.11.0.jar;C:\Users\a3k7kzz\.m2\repository\com\squareup\okio\okio\1.14.0\okio-1.14.0.jar;C:\Users\a3k7kzz\.m2\repository\org\testng\testng\6.14.3\testng-6.14.3.jar;C:\Users\a3k7kzz\.m2\repository\com\beust\jcommander\1.72\jcommander-1.72.jar;C:\Users\a3k7kzz\.m2\repository\org\apache-extras\beanshell\bsh\2.0b6\bsh-2.0b6.jar;"/>
    <property name="java.vm.vendor" value="Oracle Corporation"/>
    <property name="sun.arch.data.model" value="64"/>
    <property name="user.variant" value=""/>
    <property name="java.vendor.url" value="http://java.oracle.com/"/>
    <property name="user.timezone" value="America/Chicago"/>
    <property name="java.vm.specification.version" value="1.8"/>
    <property name="os.name" value="Windows 10"/>
    <property name="user.country" value="US"/>
    <property name="sun.java.launcher" value="SUN_STANDARD"/>
    <property name="sun.boot.library.path" value="C:\Program Files\Java\jdk1.8.0_202\jre\bin"/>
    <property name="sun.java.command" value="C:\Users\a3k7kzz\AppData\Local\Temp\2\surefire8675043257088894463\surefirebooter5291144322633562968.jar C:\Users\a3k7kzz\AppData\Local\Temp\2\surefire8675043257088894463 2021-08-28T12-58-31_766-jvmRun1 surefire6934348122986549129tmp surefire_0212718863892506454tmp"/>
    <property name="surefire.test.class.path" value="C:\Users\a3k7kzz\Documents\Udemy Learning\Selenium Workspace\framework\target\test-classes;C:\Users\a3k7kzz\Documents\Udemy Learning\Selenium Workspace\framework\target\classes;C:\Users\a3k7kzz\.m2\repository\org\seleniumhq\selenium\selenium-java\3.141.59\selenium-java-3.141.59.jar;C:\Users\a3k7kzz\.m2\repository\org\seleniumhq\selenium\selenium-api\3.141.59\selenium-api-3.141.59.jar;C:\Users\a3k7kzz\.m2\repository\org\seleniumhq\selenium\selenium-chrome-driver\3.141.59\selenium-chrome-driver-3.141.59.jar;C:\Users\a3k7kzz\.m2\repository\org\seleniumhq\selenium\selenium-edge-driver\3.141.59\selenium-edge-driver-3.141.59.jar;C:\Users\a3k7kzz\.m2\repository\org\seleniumhq\selenium\selenium-firefox-driver\3.141.59\selenium-firefox-driver-3.141.59.jar;C:\Users\a3k7kzz\.m2\repository\org\seleniumhq\selenium\selenium-ie-driver\3.141.59\selenium-ie-driver-3.141.59.jar;C:\Users\a3k7kzz\.m2\repository\org\seleniumhq\selenium\selenium-opera-driver\3.141.59\selenium-opera-driver-3.141.59.jar;C:\Users\a3k7kzz\.m2\repository\org\seleniumhq\selenium\selenium-remote-driver\3.141.59\selenium-remote-driver-3.141.59.jar;C:\Users\a3k7kzz\.m2\repository\org\seleniumhq\selenium\selenium-safari-driver\3.141.59\selenium-safari-driver-3.141.59.jar;C:\Users\a3k7kzz\.m2\repository\org\seleniumhq\selenium\selenium-support\3.141.59\selenium-support-3.141.59.jar;C:\Users\a3k7kzz\.m2\repository\net\bytebuddy\byte-buddy\1.8.15\byte-buddy-1.8.15.jar;C:\Users\a3k7kzz\.m2\repository\org\apache\commons\commons-exec\1.3\commons-exec-1.3.jar;C:\Users\a3k7kzz\.m2\repository\com\google\guava\guava\25.0-jre\guava-25.0-jre.jar;C:\Users\a3k7kzz\.m2\repository\com\google\code\findbugs\jsr305\1.3.9\jsr305-1.3.9.jar;C:\Users\a3k7kzz\.m2\repository\org\checkerframework\checker-compat-qual\2.0.0\checker-compat-qual-2.0.0.jar;C:\Users\a3k7kzz\.m2\repository\com\google\errorprone\error_prone_annotations\2.1.3\error_prone_annotations-2.1.3.jar;C:\Users\a3k7kzz\.m2\repository\com\google\j2objc\j2objc-annotations\1.1\j2objc-annotations-1.1.jar;C:\Users\a3k7kzz\.m2\repository\org\codehaus\mojo\animal-sniffer-annotations\1.14\animal-sniffer-annotations-1.14.jar;C:\Users\a3k7kzz\.m2\repository\com\squareup\okhttp3\okhttp\3.11.0\okhttp-3.11.0.jar;C:\Users\a3k7kzz\.m2\repository\com\squareup\okio\okio\1.14.0\okio-1.14.0.jar;C:\Users\a3k7kzz\.m2\repository\org\testng\testng\6.14.3\testng-6.14.3.jar;C:\Users\a3k7kzz\.m2\repository\com\beust\jcommander\1.72\jcommander-1.72.jar;C:\Users\a3k7kzz\.m2\repository\org\apache-extras\beanshell\bsh\2.0b6\bsh-2.0b6.jar;"/>
    <property name="sun.cpu.endian" value="little"/>
    <property name="user.home" value="C:\Users\a3k7kzz"/>
    <property name="user.language" value="en"/>
    <property name="java.specification.vendor" value="Oracle Corporation"/>
    <property name="java.home" value="C:\Program Files\Java\jdk1.8.0_202\jre"/>
    <property name="basedir" value="C:\Users\a3k7kzz\Documents\Udemy Learning\Selenium Workspace\framework"/>
    <property name="file.separator" value="\"/>
    <property name="line.separator" value="&#10;"/>
    <property name="java.vm.specification.vendor" value="Oracle Corporation"/>
    <property name="java.specification.name" value="Java Platform API Specification"/>
    <property name="java.awt.graphicsenv" value="sun.awt.Win32GraphicsEnvironment"/>
    <property name="surefire.real.class.path" value="C:\Users\a3k7kzz\AppData\Local\Temp\2\surefire8675043257088894463\surefirebooter5291144322633562968.jar"/>
    <property name="sun.boot.class.path" value="C:\Program Files\Java\jdk1.8.0_202\jre\lib\resources.jar;C:\Program Files\Java\jdk1.8.0_202\jre\lib\rt.jar;C:\Program Files\Java\jdk1.8.0_202\jre\lib\sunrsasign.jar;C:\Program Files\Java\jdk1.8.0_202\jre\lib\jsse.jar;C:\Program Files\Java\jdk1.8.0_202\jre\lib\jce.jar;C:\Program Files\Java\jdk1.8.0_202\jre\lib\charsets.jar;C:\Program Files\Java\jdk1.8.0_202\jre\lib\jfr.jar;C:\Program Files\Java\jdk1.8.0_202\jre\classes"/>
    <property name="user.script" value=""/>
    <property name="sun.management.compiler" value="HotSpot 64-Bit Tiered Compilers"/>
    <property name="java.runtime.version" value="1.8.0_202-b08"/>
    <property name="user.name" value="A3K7KZZ"/>
    <property name="path.separator" value=";"/>
    <property name="os.version" value="10.0"/>
    <property name="java.endorsed.dirs" value="C:\Program Files\Java\jdk1.8.0_202\jre\lib\endorsed"/>
    <property name="java.runtime.name" value="Java(TM) SE Runtime Environment"/>
    <property name="file.encoding" value="Cp1252"/>
    <property name="java.vm.name" value="Java HotSpot(TM) 64-Bit Server VM"/>
    <property name="localRepository" value="C:\Users\a3k7kzz\.m2\repository"/>
    <property name="java.vendor.url.bug" value="http://bugreport.sun.com/bugreport/"/>
    <property name="java.io.tmpdir" value="C:\Users\a3k7kzz\AppData\Local\Temp\2\"/>
    <property name="java.version" value="1.8.0_202"/>
    <property name="user.dir" value="C:\Users\a3k7kzz\Documents\Udemy Learning\Selenium Workspace\framework"/>
    <property name="os.arch" value="amd64"/>
    <property name="java.vm.specification.name" value="Java Virtual Machine Specification"/>
    <property name="java.awt.printerjob" value="sun.awt.windows.WPrinterJob"/>
    <property name="sun.os.patch.level" value=""/>
    <property name="java.library.path" value="C:\Program Files\Java\jdk1.8.0_202\jre\bin;C:\Windows\Sun\Java\bin;C:\Windows\system32;C:\Windows;C:\Program Files\Common Files\Oracle\Java\javapath;C:\Windows\system32;C:\Windows;C:\Windows\System32\Wbem;C:\Windows\System32\WindowsPowerShell\v1.0\;C:\Windows\System32\OpenSSH\;C:\Users\a3k7kzz\AppData\Local\Programs\Git\bin\;C:\Program Files\Java\jdk1.8.0_202\bin;C:\Program Files\nodejs\;C:\Program Files\1E\Client\Extensibility\NomadBranch;C:\Program Files\Maven\apache-maven-3.8.2-bin\apache-maven-3.8.2\bin;C:\Users\a3k7kzz\AppData\Local\Programs\Python\Python39\Scripts\;C:\Users\a3k7kzz\AppData\Local\Programs\Python\Python39\;C:\Users\a3k7kzz\AppData\Local\Microsoft\WindowsApps;C:\Users\a3k7kzz\AppData\Roaming\npm;C:\Users\a3k7kzz\AppData\Local\Programs\Git\cmd;C:\Program Files\Java\jdk-15.0.1\bin;;C:\Users\a3k7kzz\AppData\Local\Programs\Microsoft VS Code\bin;."/>
    <property name="java.vm.info" value="mixed mode"/>
    <property name="java.vendor" value="Oracle Corporation"/>
    <property name="java.vm.version" value="25.202-b08"/>
    <property name="java.ext.dirs" value="C:\Program Files\Java\jdk1.8.0_202\jre\lib\ext;C:\Windows\Sun\Java\lib\ext"/>
    <property name="sun.io.unicode.encoding" value="UnicodeLittle"/>
    <property name="java.class.version" value="52.0"/>
  </properties>
  <testcase name="homeLoan" classname="learning.framework.HDFCBank" time="0.016"/>
  <testcase name="readWriteMethod" classname="learning.framework.HDFCBank" time="0.004"/>
  <testcase name="cardOffers" classname="learning.framework.HDFCBankCreditCard" time="0.004"/>
  <testcase name="cardStatements" classname="learning.framework.HDFCBankCreditCard" time="0.01"/>
  <testcase name="creditCardCharges" classname="learning.framework.HDFCBankCreditCard" time="0.006"/>
  <testcase name="homeLoan" classname="learning.framework.SBIBank" time="0.006"/>
  <testcase name="educationLoan" classname="learning.framework.SBIBank" time="0.006"/>
  <testcase name="carLoan" classname="learning.framework.SBIBank" time="0.002"/>
  <testcase name="cardOffers" classname="learning.framework.SBIBankCreditCard" time="0.006"/>
  <testcase name="cardStatements" classname="learning.framework.SBIBankCreditCard" time="0.001"/>
  <testcase name="creditCardCharges" classname="learning.framework.SBIBankCreditCard" time="0.022">
    <failure message="expected [true] but found [false]" type="java.lang.AssertionError">java.lang.AssertionError: expected [true] but found [false]
	at learning.framework.SBIBankCreditCard.creditCardCharges(SBIBankCreditCard.java:33)
</failure>
    <system-out><![CDATA[SBI Credit Card Charges
Test Failed with error - Errored Method Name creditCardCharges
]]></system-out>
  </testcase>
  <testcase name="carLoan" classname="learning.framework.ICICIBank" time="0.005"/>
  <testcase name="educationLoan" classname="learning.framework.ICICIBank" time="0.005"/>
  <testcase name="homeLoan" classname="learning.framework.ICICIBank" time="0.008"/>
  <testcase name="homeLoan" classname="learning.framework.ICICIBank" time="0.018"/>
  <testcase name="homeLoan" classname="learning.framework.ICICIBank" time="0.01"/>
  <testcase name="cardOffers" classname="learning.framework.ICICIBankCreditCard" time="0.004"/>
  <testcase name="cardStatements" classname="learning.framework.ICICIBankCreditCard" time="0.005"/>
  <testcase name="creditCardCharges" classname="learning.framework.ICICIBankCreditCard" time="0.001"/>
</testsuite>