<?xml version="1.0" encoding="UTF-8"?>
<!-- Generated by org.testng.reporters.JUnitXMLReporter -->
<testsuite hostname="W0230784" ignored="0" name="SBI Bank Details" tests="6" failures="1" timestamp="28 Aug 2021 17:58:36 GMT" time="0.046" errors="0">
  <testcase name="homeLoan" time="0.001" classname="learning.framework.SBIBank"/>
  <testcase name="educationLoan" time="0.001" classname="learning.framework.SBIBank"/>
  <testcase name="carLoan" time="0.0" classname="learning.framework.SBIBank"/>
  <testcase name="cardOffers" time="0.001" classname="learning.framework.SBIBankCreditCard"/>
  <testcase name="cardStatements" time="0.001" classname="learning.framework.SBIBankCreditCard"/>
  <testcase name="creditCardCharges" time="0.011" classname="learning.framework.SBIBankCreditCard">
    <failure type="java.lang.AssertionError" message="expected [true] but found [false]">
      <![CDATA[java.lang.AssertionError: expected [true] but found [false]
at learning.framework.SBIBankCreditCard.creditCardCharges(SBIBankCreditCard.java:33)
... Removed 33 stack frames]]>
    </failure>
  </testcase> <!-- creditCardCharges -->
</testsuite> <!-- SBI Bank Details -->
